<?xml version="1.0" encoding="UTF-8"?>
<testng-results ignored="0" total="1" passed="1" failed="0" skipped="0">
  <reporter-output>
  </reporter-output>
  <suite started-at="2024-11-02T20:48:06 IST" name="Default suite" finished-at="2024-11-02T20:48:08 IST" duration-ms="2335">
    <groups>
    </groups>
    <test started-at="2024-11-02T20:48:06 IST" name="Default test" finished-at="2024-11-02T20:48:08 IST" duration-ms="2335">
      <class name="TestNGTest.Test_User_Role">
        <test-method is-config="true" signature="browserlaunch()[pri:0, instance:TestNGTest.Test_User_Role@55536d9e]" started-at="2024-11-02T20:47:55 IST" name="browserlaunch" finished-at="2024-11-02T20:48:06 IST" duration-ms="10933" status="PASS">
          <reporter-output>
          </reporter-output>
        </test-method> <!-- browserlaunch -->
        <test-method signature="userRole()[pri:0, instance:TestNGTest.Test_User_Role@55536d9e]" started-at="2024-11-02T20:48:06 IST" name="userRole" finished-at="2024-11-02T20:48:08 IST" duration-ms="2261" status="PASS">
          <reporter-output>
          </reporter-output>
        </test-method> <!-- userRole -->
        <test-method is-config="true" signature="closeprogramm()[pri:0, instance:TestNGTest.Test_User_Role@55536d9e]" started-at="2024-11-02T20:48:08 IST" name="closeprogramm" finished-at="2024-11-02T20:48:09 IST" duration-ms="748" status="PASS">
          <reporter-output>
          </reporter-output>
        </test-method> <!-- closeprogramm -->
      </class> <!-- TestNGTest.Test_User_Role -->
    </test> <!-- Default test -->
  </suite> <!-- Default suite -->
</testng-results>
